<?xml version="1.0" encoding="UTF-8"?>
<testsuite xmlns:xsi="http://www.w3.org/2001/XMLSchema-instance" xsi:schemaLocation="https://maven.apache.org/surefire/maven-surefire-plugin/xsd/surefire-test-report.xsd" name="com.myapp.flight.management.AirportUsingFlightPassengerTest" time="0.413" tests="1" errors="0" skipped="0" failures="0">
  <properties>
[...]
</properties>
  <testcase name="testEconomyFlightForUsualPassenger" classname="com.myapp.flight.management.AirportUsingFlightPassengerTest$EconomyFlightTest$UsualPassenger" time="0.079"/>
</testsuite>